# JRE version: OpenJDK Runtime Environment Temurin-17.0.8.1+1 (17.0.8.1+1) (build 17.0.8.1+1)
# Java VM: OpenJDK 64-Bit Server VM Temurin-17.0.8.1+1 (17.0.8.1+1, mixed mode, sharing, tiered, compressed oops, compressed class ptrs, g1 gc, windows-amd64)
GC Precious Log:
 CPUs: 20 total, 20 available
 Memory: 16084M
 Large Page Support: Disabled
 NUMA Support: Disabled
 Compressed Oops: Enabled (Zero based)
 Heap Region Size: 2M
 Heap Min Capacity: 8M
 Heap Initial Capacity: 252M
 Heap Max Capacity: 4022M
 Pre-touch: Disabled
 Parallel Workers: 15
 Concurrent Workers: 4
 Concurrent Refinement Workers: 15
 Periodic GC: Disabled
Heap:
 garbage-first heap   total 374784K, used 122455K [0x0000000704a00000, 0x0000000800000000)
  region size 2048K, 5 young (10240K), 1 survivors (2048K)
 Metaspace       used 16121K, committed 16384K, reserved 1114112K
  class space    used 1155K, committed 1280K, reserved 1048576K
GC Heap History (20 events):
Event: 55.313 GC heap before
{Heap before GC invocations=127 (full 0):
 garbage-first heap   total 374784K, used 171591K [0x0000000704a00000, 0x0000000800000000)
  region size 2048K, 4 young (8192K), 1 survivors (2048K)
 Metaspace       used 16056K, committed 16256K, reserved 1114112K
  class space    used 1150K, committed 1280K, reserved 1048576K
}
Event: 55.314 GC heap after
{Heap after GC invocations=128 (full 0):
 garbage-first heap   total 374784K, used 20037K [0x0000000704a00000, 0x0000000800000000)
  region size 2048K, 1 young (2048K), 1 survivors (2048K)
 Metaspace       used 16056K, committed 16256K, reserved 1114112K
  class space    used 1150K, committed 1280K, reserved 1048576K
}
Event: 55.527 GC heap before
{Heap before GC invocations=128 (full 0):
 garbage-first heap   total 374784K, used 171589K [0x0000000704a00000, 0x0000000800000000)
  region size 2048K, 4 young (8192K), 1 survivors (2048K)
 Metaspace       used 16056K, committed 16256K, reserved 1114112K
  class space    used 1150K, committed 1280K, reserved 1048576K
}
Event: 55.528 GC heap after
{Heap after GC invocations=129 (full 0):
 garbage-first heap   total 374784K, used 20044K [0x0000000704a00000, 0x0000000800000000)
  region size 2048K, 1 young (2048K), 1 survivors (2048K)
 Metaspace       used 16056K, committed 16256K, reserved 1114112K
  class space    used 1150K, committed 1280K, reserved 1048576K
}
Event: 55.756 GC heap before
{Heap before GC invocations=129 (full 0):
 garbage-first heap   total 374784K, used 171596K [0x0000000704a00000, 0x0000000800000000)
  region size 2048K, 4 young (8192K), 1 survivors (2048K)
 Metaspace       used 16063K, committed 16256K, reserved 1114112K
  class space    used 1150K, committed 1280K, reserved 1048576K
}
Event: 55.757 GC heap after
{Heap after GC invocations=130 (full 0):
 garbage-first heap   total 374784K, used 20051K [0x0000000704a00000, 0x0000000800000000)
  region size 2048K, 1 young (2048K), 1 survivors (2048K)
 Metaspace       used 16063K, committed 16256K, reserved 1114112K
  class space    used 1150K, committed 1280K, reserved 1048576K
}
Event: 55.982 GC heap before
{Heap before GC invocations=130 (full 0):
 garbage-first heap   total 374784K, used 169555K [0x0000000704a00000, 0x0000000800000000)
  region size 2048K, 3 young (6144K), 1 survivors (2048K)
 Metaspace       used 16063K, committed 16256K, reserved 1114112K
  class space    used 1150K, committed 1280K, reserved 1048576K
}
Event: 55.983 GC heap after
{Heap after GC invocations=131 (full 0):
 garbage-first heap   total 374784K, used 20050K [0x0000000704a00000, 0x0000000800000000)
  region size 2048K, 1 young (2048K), 1 survivors (2048K)
 Metaspace       used 16063K, committed 16256K, reserved 1114112K
  class space    used 1150K, committed 1280K, reserved 1048576K
}
Event: 56.207 GC heap before
{Heap before GC invocations=131 (full 0):
 garbage-first heap   total 374784K, used 169554K [0x0000000704a00000, 0x0000000800000000)
  region size 2048K, 3 young (6144K), 1 survivors (2048K)
 Metaspace       used 16063K, committed 16256K, reserved 1114112K
  class space    used 1150K, committed 1280K, reserved 1048576K
}
Event: 56.208 GC heap after
{Heap after GC invocations=132 (full 0):
 garbage-first heap   total 374784K, used 20050K [0x0000000704a00000, 0x0000000800000000)
  region size 2048K, 1 young (2048K), 1 survivors (2048K)
 Metaspace       used 16063K, committed 16256K, reserved 1114112K
  class space    used 1150K, committed 1280K, reserved 1048576K
}
Event: 56.424 GC heap before
{Heap before GC invocations=132 (full 0):
 garbage-first heap   total 374784K, used 169554K [0x0000000704a00000, 0x0000000800000000)
  region size 2048K, 3 young (6144K), 1 survivors (2048K)
 Metaspace       used 16063K, committed 16256K, reserved 1114112K
  class space    used 1150K, committed 1280K, reserved 1048576K
}
Event: 56.425 GC heap after
{Heap after GC invocations=133 (full 0):
 garbage-first heap   total 374784K, used 20050K [0x0000000704a00000, 0x0000000800000000)
  region size 2048K, 1 young (2048K), 1 survivors (2048K)
 Metaspace       used 16063K, committed 16256K, reserved 1114112K
  class space    used 1150K, committed 1280K, reserved 1048576K
}
Event: 56.650 GC heap before
{Heap before GC invocations=133 (full 0):
 garbage-first heap   total 374784K, used 169554K [0x0000000704a00000, 0x0000000800000000)
  region size 2048K, 3 young (6144K), 1 survivors (2048K)
 Metaspace       used 16063K, committed 16256K, reserved 1114112K
  class space    used 1150K, committed 1280K, reserved 1048576K
}
Event: 56.651 GC heap after
{Heap after GC invocations=134 (full 0):
 garbage-first heap   total 374784K, used 20055K [0x0000000704a00000, 0x0000000800000000)
  region size 2048K, 1 young (2048K), 1 survivors (2048K)
 Metaspace       used 16063K, committed 16256K, reserved 1114112K
  class space    used 1150K, committed 1280K, reserved 1048576K
}
Event: 56.879 GC heap before
{Heap before GC invocations=134 (full 0):
 garbage-first heap   total 374784K, used 169559K [0x0000000704a00000, 0x0000000800000000)
  region size 2048K, 3 young (6144K), 1 survivors (2048K)
 Metaspace       used 16063K, committed 16256K, reserved 1114112K
  class space    used 1150K, committed 1280K, reserved 1048576K
}
Event: 56.880 GC heap after
{Heap after GC invocations=135 (full 0):
 garbage-first heap   total 374784K, used 20050K [0x0000000704a00000, 0x0000000800000000)
  region size 2048K, 1 young (2048K), 1 survivors (2048K)
 Metaspace       used 16063K, committed 16256K, reserved 1114112K
  class space    used 1150K, committed 1280K, reserved 1048576K
}
Event: 57.099 GC heap before
{Heap before GC invocations=135 (full 0):
 garbage-first heap   total 374784K, used 169554K [0x0000000704a00000, 0x0000000800000000)
  region size 2048K, 3 young (6144K), 1 survivors (2048K)
 Metaspace       used 16063K, committed 16256K, reserved 1114112K
  class space    used 1150K, committed 1280K, reserved 1048576K
}
Event: 57.100 GC heap after
{Heap after GC invocations=136 (full 0):
 garbage-first heap   total 374784K, used 20046K [0x0000000704a00000, 0x0000000800000000)
  region size 2048K, 1 young (2048K), 1 survivors (2048K)
 Metaspace       used 16063K, committed 16256K, reserved 1114112K
  class space    used 1150K, committed 1280K, reserved 1048576K
}
Event: 57.314 GC heap before
{Heap before GC invocations=136 (full 0):
 garbage-first heap   total 374784K, used 169550K [0x0000000704a00000, 0x0000000800000000)
  region size 2048K, 3 young (6144K), 1 survivors (2048K)
 Metaspace       used 16063K, committed 16256K, reserved 1114112K
  class space    used 1150K, committed 1280K, reserved 1048576K
}
Event: 57.315 GC heap after
{Heap after GC invocations=137 (full 0):
 garbage-first heap   total 374784K, used 20055K [0x0000000704a00000, 0x0000000800000000)
  region size 2048K, 1 young (2048K), 1 survivors (2048K)
 Metaspace       used 16063K, committed 16256K, reserved 1114112K
  class space    used 1150K, committed 1280K, reserved 1048576K
}

